<?xml version="1.0" encoding="UTF-8"?>
<coverage generated="1680112331077" clover="3.2.0">
  <project timestamp="1680112331078" name="All files">
    <metrics statements="249" coveredstatements="216" conditionals="98" coveredconditionals="79" methods="60" coveredmethods="37" elements="407" coveredelements="332" complexity="0" loc="249" ncloc="249" packages="2" files="7" classes="7"/>
    <package name="src">
      <metrics statements="23" coveredstatements="13" conditionals="11" coveredconditionals="4" methods="5" coveredmethods="1"/>
      <file name="Math.ts" path="/Users/haris/Documents/Programming/sabbatical/Full-Tilt-ts/src/Math.ts">
        <metrics statements="8" coveredstatements="8" conditionals="0" coveredconditionals="0" methods="0" coveredmethods="0"/>
        <line num="1" count="4" type="stmt"/>
        <line num="2" count="4" type="stmt"/>
        <line num="3" count="4" type="stmt"/>
        <line num="6" count="4" type="stmt"/>
        <line num="7" count="4" type="stmt"/>
        <line num="9" count="4" type="stmt"/>
        <line num="10" count="4" type="stmt"/>
        <line num="11" count="4" type="stmt"/>
      </file>
      <file name="Utils.ts" path="/Users/haris/Documents/Programming/sabbatical/Full-Tilt-ts/src/Utils.ts">
        <metrics statements="15" coveredstatements="5" conditionals="11" coveredconditionals="4" methods="5" coveredmethods="1"/>
        <line num="2" count="4" type="stmt"/>
        <line num="3" count="3" type="stmt"/>
        <line num="4" count="3" type="cond" truecount="2" falsecount="1"/>
        <line num="5" count="3" type="cond" truecount="2" falsecount="0"/>
        <line num="11" count="4" type="stmt"/>
        <line num="12" count="0" type="stmt"/>
        <line num="13" count="0" type="stmt"/>
        <line num="14" count="0" type="stmt"/>
        <line num="15" count="0" type="cond" truecount="0" falsecount="4"/>
        <line num="16" count="0" type="stmt"/>
        <line num="17" count="0" type="cond" truecount="0" falsecount="2"/>
        <line num="18" count="0" type="stmt"/>
        <line num="20" count="0" type="stmt"/>
        <line num="24" count="0" type="stmt"/>
        <line num="27" count="0" type="stmt"/>
      </file>
    </package>
    <package name="src.Rotation">
      <metrics statements="226" coveredstatements="203" conditionals="87" coveredconditionals="75" methods="55" coveredmethods="36"/>
      <file name="Angle.ts" path="/Users/haris/Documents/Programming/sabbatical/Full-Tilt-ts/src/Rotation/Angle.ts">
        <metrics statements="20" coveredstatements="18" conditionals="6" coveredconditionals="5" methods="8" coveredmethods="6"/>
        <line num="1" count="2" type="stmt"/>
        <line num="4" count="2" type="stmt"/>
        <line num="8" count="5" type="cond" truecount="2" falsecount="0"/>
        <line num="9" count="2" type="stmt"/>
        <line num="10" count="2" type="stmt"/>
        <line num="12" count="3" type="stmt"/>
        <line num="13" count="3" type="stmt"/>
        <line num="16" count="2" type="stmt"/>
        <line num="17" count="11" type="stmt"/>
        <line num="19" count="2" type="stmt"/>
        <line num="20" count="11" type="stmt"/>
        <line num="22" count="2" type="stmt"/>
        <line num="23" count="0" type="stmt"/>
        <line num="25" count="2" type="stmt"/>
        <line num="26" count="3" type="cond" truecount="3" falsecount="1"/>
        <line num="28" count="2" type="stmt"/>
        <line num="30" count="2" type="stmt"/>
        <line num="31" count="2" type="stmt"/>
        <line num="34" count="2" type="stmt"/>
        <line num="35" count="0" type="stmt"/>
      </file>
      <file name="Conversions.ts" path="/Users/haris/Documents/Programming/sabbatical/Full-Tilt-ts/src/Rotation/Conversions.ts">
        <metrics statements="71" coveredstatements="71" conditionals="49" coveredconditionals="46" methods="6" coveredmethods="6"/>
        <line num="1" count="4" type="stmt"/>
        <line num="2" count="4" type="stmt"/>
        <line num="5" count="4" type="stmt"/>
        <line num="7" count="4" type="stmt"/>
        <line num="8" count="46659" type="cond" truecount="2" falsecount="0"/>
        <line num="9" count="46659" type="cond" truecount="2" falsecount="0"/>
        <line num="10" count="46659" type="cond" truecount="2" falsecount="0"/>
        <line num="12" count="46659" type="stmt"/>
        <line num="13" count="46659" type="stmt"/>
        <line num="14" count="46659" type="stmt"/>
        <line num="15" count="46659" type="stmt"/>
        <line num="16" count="46659" type="stmt"/>
        <line num="17" count="46659" type="stmt"/>
        <line num="22" count="46659" type="stmt"/>
        <line num="23" count="46659" type="stmt"/>
        <line num="24" count="46659" type="stmt"/>
        <line num="25" count="46659" type="stmt"/>
        <line num="27" count="46659" type="stmt"/>
        <line num="28" count="46659" type="stmt"/>
        <line num="29" count="46659" type="stmt"/>
        <line num="31" count="46659" type="stmt"/>
        <line num="32" count="46659" type="stmt"/>
        <line num="33" count="46659" type="stmt"/>
        <line num="35" count="46659" type="stmt"/>
        <line num="38" count="4" type="stmt"/>
        <line num="45" count="23328" type="stmt"/>
        <line num="46" count="23328" type="stmt"/>
        <line num="49" count="23328" type="cond" truecount="3" falsecount="0"/>
        <line num="51" count="23328" type="cond" truecount="4" falsecount="0"/>
        <line num="54" count="1296" type="stmt"/>
        <line num="55" count="22032" type="cond" truecount="2" falsecount="0"/>
        <line num="56" count="11016" type="stmt"/>
        <line num="58" count="11016" type="stmt"/>
        <line num="62" count="4" type="stmt"/>
        <line num="68" count="23329" type="stmt"/>
        <line num="69" count="23329" type="stmt"/>
        <line num="70" count="23329" type="stmt"/>
        <line num="71" count="23329" type="stmt"/>
        <line num="74" count="23329" type="stmt"/>
        <line num="77" count="23329" type="stmt"/>
        <line num="79" count="23329" type="stmt"/>
        <line num="81" count="23329" type="stmt"/>
        <line num="83" count="23329" type="stmt"/>
        <line num="85" count="23329" type="stmt"/>
        <line num="88" count="23329" type="stmt"/>
        <line num="89" count="23329" type="stmt"/>
        <line num="90" count="23329" type="cond" truecount="2" falsecount="0"/>
        <line num="91" count="23329" type="stmt"/>
        <line num="92" count="23329" type="cond" truecount="2" falsecount="0"/>
        <line num="94" count="23329" type="cond" truecount="2" falsecount="0"/>
        <line num="95" count="1296" type="stmt"/>
        <line num="101" count="22033" type="stmt"/>
        <line num="111" count="4" type="stmt"/>
        <line num="112" count="46658" type="cond" truecount="5" falsecount="1"/>
        <line num="113" count="46658" type="cond" truecount="5" falsecount="1"/>
        <line num="114" count="46658" type="cond" truecount="5" falsecount="1"/>
        <line num="116" count="46658" type="stmt"/>
        <line num="117" count="46658" type="stmt"/>
        <line num="118" count="46658" type="stmt"/>
        <line num="119" count="46658" type="stmt"/>
        <line num="120" count="46658" type="stmt"/>
        <line num="121" count="46658" type="stmt"/>
        <line num="123" count="46658" type="stmt"/>
        <line num="124" count="46658" type="stmt"/>
        <line num="125" count="46658" type="stmt"/>
        <line num="126" count="46658" type="stmt"/>
        <line num="127" count="46658" type="stmt"/>
        <line num="130" count="4" type="stmt"/>
        <line num="131" count="1" type="stmt"/>
        <line num="139" count="4" type="stmt"/>
        <line num="144" count="46657" type="stmt"/>
      </file>
      <file name="Euler.ts" path="/Users/haris/Documents/Programming/sabbatical/Full-Tilt-ts/src/Rotation/Euler.ts">
        <metrics statements="30" coveredstatements="25" conditionals="15" coveredconditionals="11" methods="12" coveredmethods="8"/>
        <line num="1" count="4" type="stmt"/>
        <line num="10" count="4" type="stmt"/>
        <line num="11" count="4" type="stmt"/>
        <line num="13" count="4" type="stmt"/>
        <line num="20" count="93319" type="cond" truecount="3" falsecount="1"/>
        <line num="21" count="93319" type="cond" truecount="3" falsecount="1"/>
        <line num="22" count="93319" type="cond" truecount="3" falsecount="1"/>
        <line num="25" count="4" type="stmt"/>
        <line num="26" count="0" type="stmt"/>
        <line num="29" count="4" type="stmt"/>
        <line num="30" count="0" type="stmt"/>
        <line num="33" count="4" type="stmt"/>
        <line num="34" count="0" type="stmt"/>
        <line num="37" count="4" type="stmt"/>
        <line num="38" count="0" type="stmt"/>
        <line num="41" count="4" type="stmt"/>
        <line num="42" count="46658" type="stmt"/>
        <line num="43" count="46658" type="stmt"/>
        <line num="46" count="4" type="stmt"/>
        <line num="47" count="46659" type="stmt"/>
        <line num="49" count="4" type="stmt"/>
        <line num="51" count="4" type="stmt"/>
        <line num="52" count="46658" type="stmt"/>
        <line num="56" count="93319" type="stmt"/>
        <line num="57" count="93319" type="stmt"/>
        <line num="61" count="93319" type="stmt"/>
        <line num="62" count="93319" type="stmt"/>
        <line num="66" count="93319" type="cond" truecount="2" falsecount="1"/>
        <line num="67" count="0" type="stmt"/>
        <line num="70" count="93319" type="stmt"/>
      </file>
      <file name="Quaternion.ts" path="/Users/haris/Documents/Programming/sabbatical/Full-Tilt-ts/src/Rotation/Quaternion.ts">
        <metrics statements="40" coveredstatements="33" conditionals="13" coveredconditionals="9" methods="13" coveredmethods="7"/>
        <line num="2" count="4" type="stmt"/>
        <line num="3" count="4" type="stmt"/>
        <line num="5" count="4" type="stmt"/>
        <line num="13" count="46661" type="stmt"/>
        <line num="14" count="46661" type="stmt"/>
        <line num="15" count="46661" type="stmt"/>
        <line num="16" count="46661" type="stmt"/>
        <line num="19" count="4" type="stmt"/>
        <line num="20" count="0" type="stmt"/>
        <line num="23" count="4" type="stmt"/>
        <line num="24" count="0" type="stmt"/>
        <line num="26" count="4" type="stmt"/>
        <line num="27" count="0" type="stmt"/>
        <line num="29" count="4" type="stmt"/>
        <line num="30" count="0" type="stmt"/>
        <line num="33" count="4" type="stmt"/>
        <line num="34" count="23329" type="stmt"/>
        <line num="39" count="4" type="stmt"/>
        <line num="40" count="46658" type="stmt"/>
        <line num="42" count="46658" type="cond" truecount="0" falsecount="1"/>
        <line num="43" count="0" type="stmt"/>
        <line num="46" count="46658" type="stmt"/>
        <line num="47" count="46658" type="stmt"/>
        <line num="48" count="46658" type="stmt"/>
        <line num="49" count="46658" type="stmt"/>
        <line num="51" count="46658" type="stmt"/>
        <line num="53" count="4" type="stmt"/>
        <line num="54" count="46658" type="stmt"/>
        <line num="58" count="4" type="stmt"/>
        <line num="59" count="0" type="stmt"/>
        <line num="64" count="4" type="stmt"/>
        <line num="66" count="4" type="stmt"/>
        <line num="67" count="0" type="stmt"/>
        <line num="75" count="4" type="stmt"/>
        <line num="76" count="1" type="stmt"/>
        <line num="77" count="1" type="stmt"/>
        <line num="78" count="1" type="stmt"/>
        <line num="79" count="1" type="stmt"/>
        <line num="87" count="4" type="stmt"/>
        <line num="93" count="46661" type="stmt"/>
      </file>
      <file name="RotationMatrix.ts" path="/Users/haris/Documents/Programming/sabbatical/Full-Tilt-ts/src/Rotation/RotationMatrix.ts">
        <metrics statements="65" coveredstatements="56" conditionals="4" coveredconditionals="4" methods="16" coveredmethods="9"/>
        <line num="8" count="4" type="stmt"/>
        <line num="9" count="4" type="stmt"/>
        <line num="13" count="4" type="stmt"/>
        <line num="15" count="4" type="stmt"/>
        <line num="28" count="48501" type="stmt"/>
        <line num="29" count="48501" type="cond" truecount="4" falsecount="0"/>
        <line num="30" count="46659" type="stmt"/>
        <line num="32" count="1842" type="stmt"/>
        <line num="33" count="1842" type="stmt"/>
        <line num="34" count="1842" type="stmt"/>
        <line num="35" count="1842" type="stmt"/>
        <line num="36" count="1842" type="stmt"/>
        <line num="37" count="1842" type="stmt"/>
        <line num="38" count="1842" type="stmt"/>
        <line num="39" count="1842" type="stmt"/>
        <line num="40" count="1842" type="stmt"/>
        <line num="43" count="4" type="stmt"/>
        <line num="44" count="0" type="stmt"/>
        <line num="47" count="4" type="stmt"/>
        <line num="48" count="0" type="stmt"/>
        <line num="51" count="4" type="stmt"/>
        <line num="52" count="0" type="stmt"/>
        <line num="55" count="4" type="stmt"/>
        <line num="56" count="0" type="stmt"/>
        <line num="59" count="4" type="stmt"/>
        <line num="60" count="0" type="stmt"/>
        <line num="63" count="4" type="stmt"/>
        <line num="64" count="46659" type="stmt"/>
        <line num="66" count="46659" type="stmt"/>
        <line num="67" count="46659" type="stmt"/>
        <line num="68" count="46659" type="stmt"/>
        <line num="69" count="46659" type="stmt"/>
        <line num="70" count="46659" type="stmt"/>
        <line num="71" count="46659" type="stmt"/>
        <line num="72" count="46659" type="stmt"/>
        <line num="73" count="46659" type="stmt"/>
        <line num="74" count="46659" type="stmt"/>
        <line num="76" count="46659" type="stmt"/>
        <line num="79" count="4" type="stmt"/>
        <line num="80" count="46659" type="stmt"/>
        <line num="82" count="46659" type="stmt"/>
        <line num="92" count="4" type="stmt"/>
        <line num="93" count="23328" type="stmt"/>
        <line num="96" count="4" type="stmt"/>
        <line num="97" count="1" type="stmt"/>
        <line num="98" count="1" type="stmt"/>
        <line num="100" count="4" type="stmt"/>
        <line num="106" count="0" type="stmt"/>
        <line num="107" count="0" type="stmt"/>
        <line num="109" count="0" type="stmt"/>
        <line num="124" count="4" type="stmt"/>
        <line num="125" count="0" type="stmt"/>
        <line num="128" count="4" type="stmt"/>
        <line num="132" count="9" type="stmt"/>
        <line num="133" count="3" type="stmt"/>
        <line num="134" count="3" type="stmt"/>
        <line num="136" count="3" type="stmt"/>
        <line num="149" count="4" type="stmt"/>
        <line num="150" count="1839" type="stmt"/>
        <line num="151" count="1839" type="stmt"/>
        <line num="152" count="1839" type="stmt"/>
        <line num="153" count="1839" type="stmt"/>
        <line num="155" count="1839" type="stmt"/>
        <line num="170" count="4" type="stmt"/>
        <line num="181" count="46659" type="stmt"/>
      </file>
    </package>
  </project>
</coverage>
