{"/Users/haris/Documents/Programming/sabbatical/Full-Tilt-ts/src/Math.ts": {"path":"/Users/haris/Documents/Programming/sabbatical/Full-Tilt-ts/src/Math.ts","statementMap":{"0":{"start":{"line":1,"column":13},"end":{"line":1,"column":28}},"1":{"start":{"line":2,"column":13},"end":{"line":2,"column":31}},"2":{"start":{"line":3,"column":13},"end":{"line":3,"column":31}},"3":{"start":{"line":6,"column":13},"end":{"line":6,"column":35}},"4":{"start":{"line":7,"column":13},"end":{"line":7,"column":35}},"5":{"start":{"line":9,"column":13},"end":{"line":9,"column":32}},"6":{"start":{"line":10,"column":13},"end":{"line":10,"column":30}},"7":{"start":{"line":11,"column":13},"end":{"line":11,"column":28}}},"fnMap":{},"branchMap":{},"s":{"0":4,"1":4,"2":4,"3":4,"4":4,"5":4,"6":4,"7":4},"f":{},"b":{}}
,"/Users/haris/Documents/Programming/sabbatical/Full-Tilt-ts/src/Utils.ts": {"path":"/Users/haris/Documents/Programming/sabbatical/Full-Tilt-ts/src/Utils.ts","statementMap":{"0":{"start":{"line":3,"column":1},"end":{"line":3,"column":8}},"1":{"start":{"line":4,"column":1},"end":{"line":4,"column":35}},"2":{"start":{"line":4,"column":26},"end":{"line":4,"column":35}},"3":{"start":{"line":5,"column":1},"end":{"line":5,"column":23}},"4":{"start":{"line":2,"column":0},"end":{"line":2,"column":16}},"5":{"start":{"line":12,"column":17},"end":{"line":25,"column":3}},"6":{"start":{"line":13,"column":19},"end":{"line":23,"column":3}},"7":{"start":{"line":14,"column":3},"end":{"line":22,"column":10}},"8":{"start":{"line":15,"column":4},"end":{"line":21,"column":null}},"9":{"start":{"line":16,"column":5},"end":{"line":16,"column":15}},"10":{"start":{"line":17,"column":11},"end":{"line":21,"column":null}},"11":{"start":{"line":18,"column":5},"end":{"line":18,"column":14}},"12":{"start":{"line":20,"column":5},"end":{"line":20,"column":23}},"13":{"start":{"line":24,"column":2},"end":{"line":24,"column":14}},"14":{"start":{"line":27,"column":1},"end":{"line":27,"column":16}},"15":{"start":{"line":11,"column":0},"end":{"line":11,"column":16}}},"fnMap":{"0":{"name":"sign","decl":{"start":{"line":2,"column":16},"end":{"line":2,"column":20}},"loc":{"start":{"line":2,"column":22},"end":{"line":6,"column":1}}},"1":{"name":"SensorCheck","decl":{"start":{"line":11,"column":16},"end":{"line":11,"column":27}},"loc":{"start":{"line":11,"column":41},"end":{"line":28,"column":1}}},"2":{"name":"(anonymous_2)","decl":{"start":{"line":12,"column":35},"end":{"line":12,"column":45}},"loc":{"start":{"line":12,"column":60},"end":{"line":25,"column":2}}},"3":{"name":"(anonymous_3)","decl":{"start":{"line":13,"column":19},"end":{"line":13,"column":29}},"loc":{"start":{"line":13,"column":34},"end":{"line":23,"column":3}}},"4":{"name":"(anonymous_4)","decl":{"start":{"line":14,"column":14},"end":{"line":14,"column":null}},"loc":{"start":{"line":14,"column":14},"end":{"line":22,"column":4}}}},"branchMap":{"0":{"loc":{"start":{"line":4,"column":1},"end":{"line":4,"column":35}},"type":"if","locations":[{"start":{"line":4,"column":1},"end":{"line":4,"column":35}}]},"1":{"loc":{"start":{"line":4,"column":5},"end":{"line":4,"column":24}},"type":"binary-expr","locations":[{"start":{"line":4,"column":5},"end":{"line":4,"column":12}},{"start":{"line":4,"column":16},"end":{"line":4,"column":24}}]},"2":{"loc":{"start":{"line":5,"column":8},"end":{"line":5,"column":22}},"type":"cond-expr","locations":[{"start":{"line":5,"column":16},"end":{"line":5,"column":17}},{"start":{"line":5,"column":20},"end":{"line":5,"column":22}}]},"3":{"loc":{"start":{"line":15,"column":4},"end":{"line":21,"column":null}},"type":"if","locations":[{"start":{"line":15,"column":4},"end":{"line":21,"column":null}},{"start":{"line":17,"column":11},"end":{"line":21,"column":null}}]},"4":{"loc":{"start":{"line":15,"column":8},"end":{"line":15,"column":43}},"type":"binary-expr","locations":[{"start":{"line":15,"column":8},"end":{"line":15,"column":21}},{"start":{"line":15,"column":25},"end":{"line":15,"column":43}}]},"5":{"loc":{"start":{"line":17,"column":11},"end":{"line":21,"column":null}},"type":"if","locations":[{"start":{"line":17,"column":11},"end":{"line":21,"column":null}},{"start":{"line":19,"column":11},"end":{"line":21,"column":null}}]}},"s":{"0":3,"1":3,"2":0,"3":3,"4":4,"5":0,"6":0,"7":0,"8":0,"9":0,"10":0,"11":0,"12":0,"13":0,"14":0,"15":4},"f":{"0":3,"1":0,"2":0,"3":0,"4":0},"b":{"0":[0],"1":[3,3],"2":[2,1],"3":[0,0],"4":[0,0],"5":[0,0]}}
,"/Users/haris/Documents/Programming/sabbatical/Full-Tilt-ts/src/Rotation/Angle.ts": {"path":"/Users/haris/Documents/Programming/sabbatical/Full-Tilt-ts/src/Rotation/Angle.ts","statementMap":{"0":{"start":{"line":1,"column":0},"end":{"line":1,"column":45}},"1":{"start":{"line":4,"column":0},"end":{"line":4,"column":13}},"2":{"start":{"line":8,"column":2},"end":{"line":14,"column":null}},"3":{"start":{"line":9,"column":3},"end":{"line":9,"column":36}},"4":{"start":{"line":10,"column":3},"end":{"line":10,"column":47}},"5":{"start":{"line":12,"column":3},"end":{"line":12,"column":47}},"6":{"start":{"line":13,"column":3},"end":{"line":13,"column":36}},"7":{"start":{"line":16,"column":1},"end":{"line":18,"column":null}},"8":{"start":{"line":17,"column":2},"end":{"line":17,"column":32}},"9":{"start":{"line":19,"column":1},"end":{"line":21,"column":null}},"10":{"start":{"line":20,"column":2},"end":{"line":20,"column":32}},"11":{"start":{"line":22,"column":1},"end":{"line":24,"column":null}},"12":{"start":{"line":23,"column":2},"end":{"line":23,"column":32}},"13":{"start":{"line":25,"column":1},"end":{"line":27,"column":null}},"14":{"start":{"line":26,"column":2},"end":{"line":26,"column":61}},"15":{"start":{"line":28,"column":0},"end":{"line":28,"column":null}},"16":{"start":{"line":4,"column":13},"end":{"line":4,"column":18}},"17":{"start":{"line":31,"column":1},"end":{"line":31,"column":36}},"18":{"start":{"line":30,"column":0},"end":{"line":30,"column":16}},"19":{"start":{"line":35,"column":1},"end":{"line":35,"column":36}},"20":{"start":{"line":34,"column":0},"end":{"line":34,"column":16}}},"fnMap":{"0":{"name":"(anonymous_0)","decl":{"start":{"line":4,"column":0},"end":{"line":4,"column":13}},"loc":{"start":{"line":4,"column":0},"end":{"line":28,"column":null}}},"1":{"name":"Angle","decl":{"start":{"line":7,"column":1},"end":{"line":7,"column":13}},"loc":{"start":{"line":7,"column":33},"end":{"line":15,"column":2}}},"2":{"name":"(anonymous_2)","decl":{"start":{"line":16,"column":1},"end":{"line":16,"column":4}},"loc":{"start":{"line":16,"column":1},"end":{"line":18,"column":2}}},"3":{"name":"(anonymous_3)","decl":{"start":{"line":19,"column":1},"end":{"line":19,"column":4}},"loc":{"start":{"line":19,"column":1},"end":{"line":21,"column":2}}},"4":{"name":"(anonymous_4)","decl":{"start":{"line":22,"column":1},"end":{"line":22,"column":4}},"loc":{"start":{"line":22,"column":1},"end":{"line":24,"column":2}}},"5":{"name":"(anonymous_5)","decl":{"start":{"line":25,"column":1},"end":{"line":25,"column":6}},"loc":{"start":{"line":25,"column":20},"end":{"line":27,"column":2}}},"6":{"name":"degrees","decl":{"start":{"line":30,"column":16},"end":{"line":30,"column":23}},"loc":{"start":{"line":30,"column":35},"end":{"line":32,"column":1}}},"7":{"name":"radians","decl":{"start":{"line":34,"column":16},"end":{"line":34,"column":23}},"loc":{"start":{"line":34,"column":35},"end":{"line":36,"column":1}}}},"branchMap":{"0":{"loc":{"start":{"line":8,"column":2},"end":{"line":14,"column":null}},"type":"if","locations":[{"start":{"line":8,"column":2},"end":{"line":14,"column":null}},{"start":{"line":11,"column":9},"end":{"line":14,"column":null}}]},"1":{"loc":{"start":{"line":26,"column":46},"end":{"line":26,"column":56}},"type":"cond-expr","locations":[{"start":{"line":26,"column":46},"end":{"line":26,"column":51}},{"start":{"line":26,"column":55},"end":{"line":26,"column":56}}]},"2":{"loc":{"start":{"line":26,"column":46},"end":{"line":26,"column":55}},"type":"binary-expr","locations":[{"start":{"line":26,"column":46},"end":{"line":26,"column":55}},{"start":{"line":26,"column":46},"end":{"line":26,"column":55}}]}},"s":{"0":2,"1":2,"2":5,"3":2,"4":2,"5":3,"6":3,"7":2,"8":11,"9":2,"10":11,"11":2,"12":0,"13":2,"14":3,"15":2,"16":2,"17":2,"18":2,"19":0,"20":2},"f":{"0":2,"1":5,"2":11,"3":11,"4":0,"5":3,"6":2,"7":0},"b":{"0":[2,3],"1":[3,0],"2":[3,3]}}
,"/Users/haris/Documents/Programming/sabbatical/Full-Tilt-ts/src/Rotation/Conversions.ts": {"path":"/Users/haris/Documents/Programming/sabbatical/Full-Tilt-ts/src/Rotation/Conversions.ts","statementMap":{"0":{"start":{"line":1,"column":0},"end":{"line":1,"column":77}},"1":{"start":{"line":2,"column":0},"end":{"line":2,"column":32}},"2":{"start":{"line":5,"column":16},"end":{"line":5,"column":20}},"3":{"start":{"line":8,"column":12},"end":{"line":8,"column":41}},"4":{"start":{"line":9,"column":12},"end":{"line":9,"column":40}},"5":{"start":{"line":10,"column":12},"end":{"line":10,"column":41}},"6":{"start":{"line":12,"column":12},"end":{"line":12,"column":24}},"7":{"start":{"line":13,"column":12},"end":{"line":13,"column":24}},"8":{"start":{"line":14,"column":12},"end":{"line":14,"column":24}},"9":{"start":{"line":15,"column":12},"end":{"line":15,"column":24}},"10":{"start":{"line":16,"column":12},"end":{"line":16,"column":24}},"11":{"start":{"line":17,"column":12},"end":{"line":17,"column":24}},"12":{"start":{"line":22,"column":11},"end":{"line":22,"column":30}},"13":{"start":{"line":23,"column":1},"end":{"line":23,"column":31}},"14":{"start":{"line":24,"column":1},"end":{"line":24,"column":17}},"15":{"start":{"line":25,"column":1},"end":{"line":25,"column":31}},"16":{"start":{"line":27,"column":1},"end":{"line":27,"column":31}},"17":{"start":{"line":28,"column":1},"end":{"line":28,"column":16}},"18":{"start":{"line":29,"column":1},"end":{"line":29,"column":31}},"19":{"start":{"line":31,"column":1},"end":{"line":31,"column":17}},"20":{"start":{"line":32,"column":1},"end":{"line":32,"column":11}},"21":{"start":{"line":33,"column":1},"end":{"line":33,"column":16}},"22":{"start":{"line":35,"column":1},"end":{"line":35,"column":10}},"23":{"start":{"line":7,"column":0},"end":{"line":7,"column":16}},"24":{"start":{"line":45,"column":17},"end":{"line":45,"column":33}},"25":{"start":{"line":46,"column":17},"end":{"line":46,"column":33}},"26":{"start":{"line":49,"column":22},"end":{"line":49,"column":55}},"27":{"start":{"line":51,"column":1},"end":{"line":59,"column":null}},"28":{"start":{"line":54,"column":2},"end":{"line":54,"column":51}},"29":{"start":{"line":55,"column":8},"end":{"line":59,"column":null}},"30":{"start":{"line":56,"column":2},"end":{"line":56,"column":77}},"31":{"start":{"line":58,"column":2},"end":{"line":58,"column":69}},"32":{"start":{"line":38,"column":0},"end":{"line":38,"column":16}},"33":{"start":{"line":68,"column":13},"end":{"line":68,"column":18}},"34":{"start":{"line":69,"column":13},"end":{"line":69,"column":18}},"35":{"start":{"line":70,"column":13},"end":{"line":70,"column":18}},"36":{"start":{"line":71,"column":13},"end":{"line":71,"column":18}},"37":{"start":{"line":74,"column":20},"end":{"line":74,"column":41}},"38":{"start":{"line":77,"column":14},"end":{"line":77,"column":27}},"39":{"start":{"line":79,"column":12},"end":{"line":79,"column":33}},"40":{"start":{"line":81,"column":12},"end":{"line":81,"column":31}},"41":{"start":{"line":83,"column":12},"end":{"line":83,"column":33}},"42":{"start":{"line":85,"column":12},"end":{"line":85,"column":31}},"43":{"start":{"line":88,"column":23},"end":{"line":88,"column":58}},"44":{"start":{"line":89,"column":29},"end":{"line":89,"column":65}},"45":{"start":{"line":90,"column":26},"end":{"line":90,"column":62}},"46":{"start":{"line":91,"column":20},"end":{"line":91,"column":34}},"47":{"start":{"line":92,"column":26},"end":{"line":92,"column":46}},"48":{"start":{"line":94,"column":1},"end":{"line":108,"column":null}},"49":{"start":{"line":95,"column":2},"end":{"line":99,"column":4}},"50":{"start":{"line":101,"column":2},"end":{"line":107,"column":4}},"51":{"start":{"line":62,"column":0},"end":{"line":62,"column":16}},"52":{"start":{"line":112,"column":12},"end":{"line":112,"column":42}},"53":{"start":{"line":113,"column":12},"end":{"line":113,"column":41}},"54":{"start":{"line":114,"column":12},"end":{"line":114,"column":42}},"55":{"start":{"line":116,"column":12},"end":{"line":116,"column":28}},"56":{"start":{"line":117,"column":12},"end":{"line":117,"column":28}},"57":{"start":{"line":118,"column":12},"end":{"line":118,"column":28}},"58":{"start":{"line":119,"column":12},"end":{"line":119,"column":28}},"59":{"start":{"line":120,"column":12},"end":{"line":120,"column":28}},"60":{"start":{"line":121,"column":12},"end":{"line":121,"column":28}},"61":{"start":{"line":123,"column":11},"end":{"line":123,"column":38}},"62":{"start":{"line":124,"column":11},"end":{"line":124,"column":38}},"63":{"start":{"line":125,"column":11},"end":{"line":125,"column":38}},"64":{"start":{"line":126,"column":11},"end":{"line":126,"column":38}},"65":{"start":{"line":127,"column":1},"end":{"line":127,"column":23}},"66":{"start":{"line":111,"column":0},"end":{"line":111,"column":16}},"67":{"start":{"line":131,"column":1},"end":{"line":136,"column":3}},"68":{"start":{"line":130,"column":0},"end":{"line":130,"column":16}},"69":{"start":{"line":144,"column":1},"end":{"line":148,"column":3}},"70":{"start":{"line":139,"column":0},"end":{"line":139,"column":16}}},"fnMap":{"0":{"name":"matrixFromEuler","decl":{"start":{"line":7,"column":16},"end":{"line":7,"column":31}},"loc":{"start":{"line":7,"column":47},"end":{"line":36,"column":1}}},"1":{"name":"eulerFromRotationMatrix","decl":{"start":{"line":38,"column":16},"end":{"line":38,"column":39}},"loc":{"start":{"line":38,"column":55},"end":{"line":60,"column":1}}},"2":{"name":"eulerFromQuaternionX","decl":{"start":{"line":62,"column":16},"end":{"line":62,"column":36}},"loc":{"start":{"line":66,"column":10},"end":{"line":109,"column":1}}},"3":{"name":"quatFromEuler","decl":{"start":{"line":111,"column":16},"end":{"line":111,"column":29}},"loc":{"start":{"line":111,"column":45},"end":{"line":128,"column":1}}},"4":{"name":"quaternionFromRotationMatrix","decl":{"start":{"line":130,"column":16},"end":{"line":130,"column":44}},"loc":{"start":{"line":130,"column":60},"end":{"line":137,"column":1}}},"5":{"name":"fromRad","decl":{"start":{"line":139,"column":16},"end":{"line":139,"column":23}},"loc":{"start":{"line":142,"column":17},"end":{"line":149,"column":1}}}},"branchMap":{"0":{"loc":{"start":{"line":8,"column":13},"end":{"line":8,"column":29}},"type":"binary-expr","locations":[{"start":{"line":8,"column":13},"end":{"line":8,"column":24}},{"start":{"line":8,"column":28},"end":{"line":8,"column":29}}]},"1":{"loc":{"start":{"line":9,"column":13},"end":{"line":9,"column":28}},"type":"binary-expr","locations":[{"start":{"line":9,"column":13},"end":{"line":9,"column":23}},{"start":{"line":9,"column":27},"end":{"line":9,"column":28}}]},"2":{"loc":{"start":{"line":10,"column":13},"end":{"line":10,"column":29}},"type":"binary-expr","locations":[{"start":{"line":10,"column":13},"end":{"line":10,"column":24}},{"start":{"line":10,"column":28},"end":{"line":10,"column":29}}]},"3":{"loc":{"start":{"line":49,"column":22},"end":{"line":49,"column":55}},"type":"binary-expr","locations":[{"start":{"line":49,"column":23},"end":{"line":49,"column":30}},{"start":{"line":49,"column":34},"end":{"line":49,"column":42}},{"start":{"line":49,"column":47},"end":{"line":49,"column":55}}]},"4":{"loc":{"start":{"line":51,"column":1},"end":{"line":59,"column":null}},"type":"if","locations":[{"start":{"line":51,"column":1},"end":{"line":59,"column":null}},{"start":{"line":55,"column":8},"end":{"line":59,"column":null}}]},"5":{"loc":{"start":{"line":51,"column":5},"end":{"line":51,"column":23}},"type":"binary-expr","locations":[{"start":{"line":51,"column":5},"end":{"line":51,"column":12}},{"start":{"line":51,"column":16},"end":{"line":51,"column":23}}]},"6":{"loc":{"start":{"line":55,"column":8},"end":{"line":59,"column":null}},"type":"if","locations":[{"start":{"line":55,"column":8},"end":{"line":59,"column":null}},{"start":{"line":57,"column":8},"end":{"line":59,"column":null}}]},"7":{"loc":{"start":{"line":90,"column":26},"end":{"line":90,"column":62}},"type":"binary-expr","locations":[{"start":{"line":90,"column":26},"end":{"line":90,"column":39}},{"start":{"line":90,"column":43},"end":{"line":90,"column":62}}]},"8":{"loc":{"start":{"line":92,"column":26},"end":{"line":92,"column":46}},"type":"binary-expr","locations":[{"start":{"line":92,"column":26},"end":{"line":92,"column":36}},{"start":{"line":92,"column":40},"end":{"line":92,"column":46}}]},"9":{"loc":{"start":{"line":94,"column":1},"end":{"line":108,"column":null}},"type":"if","locations":[{"start":{"line":94,"column":1},"end":{"line":108,"column":null}},{"start":{"line":100,"column":8},"end":{"line":108,"column":null}}]},"10":{"loc":{"start":{"line":96,"column":3},"end":{"line":96,"column":53}},"type":"cond-expr","locations":[{"start":{"line":96,"column":19},"end":{"line":96,"column":34}},{"start":{"line":96,"column":37},"end":{"line":96,"column":53}}]},"11":{"loc":{"start":{"line":102,"column":3},"end":{"line":102,"column":53}},"type":"cond-expr","locations":[{"start":{"line":102,"column":22},"end":{"line":102,"column":37}},{"start":{"line":102,"column":40},"end":{"line":102,"column":53}}]},"12":{"loc":{"start":{"line":103,"column":3},"end":{"line":105,"column":35}},"type":"cond-expr","locations":[{"start":{"line":104,"column":6},"end":{"line":104,"column":43}},{"start":{"line":105,"column":6},"end":{"line":105,"column":35}}]},"13":{"loc":{"start":{"line":106,"column":3},"end":{"line":106,"column":66}},"type":"cond-expr","locations":[{"start":{"line":106,"column":16},"end":{"line":106,"column":23}},{"start":{"line":106,"column":26},"end":{"line":106,"column":66}}]},"14":{"loc":{"start":{"line":106,"column":26},"end":{"line":106,"column":66}},"type":"cond-expr","locations":[{"start":{"line":106,"column":35},"end":{"line":106,"column":48}},{"start":{"line":106,"column":51},"end":{"line":106,"column":66}}]},"15":{"loc":{"start":{"line":112,"column":13},"end":{"line":112,"column":30}},"type":"binary-expr","locations":[{"start":{"line":112,"column":13},"end":{"line":112,"column":25}},{"start":{"line":112,"column":29},"end":{"line":112,"column":30}}]},"16":{"loc":{"start":{"line":112,"column":13},"end":{"line":112,"column":25}},"type":"cond-expr","locations":[{"start":{"line":112,"column":18},"end":{"line":112,"column":20}},{"start":{"line":112,"column":13},"end":{"line":112,"column":25}}]},"17":{"loc":{"start":{"line":112,"column":13},"end":{"line":112,"column":20}},"type":"binary-expr","locations":[{"start":{"line":112,"column":13},"end":{"line":112,"column":20}},{"start":{"line":112,"column":13},"end":{"line":112,"column":20}}]},"18":{"loc":{"start":{"line":113,"column":13},"end":{"line":113,"column":29}},"type":"binary-expr","locations":[{"start":{"line":113,"column":13},"end":{"line":113,"column":24}},{"start":{"line":113,"column":28},"end":{"line":113,"column":29}}]},"19":{"loc":{"start":{"line":113,"column":13},"end":{"line":113,"column":24}},"type":"cond-expr","locations":[{"start":{"line":113,"column":18},"end":{"line":113,"column":20}},{"start":{"line":113,"column":13},"end":{"line":113,"column":24}}]},"20":{"loc":{"start":{"line":113,"column":13},"end":{"line":113,"column":20}},"type":"binary-expr","locations":[{"start":{"line":113,"column":13},"end":{"line":113,"column":20}},{"start":{"line":113,"column":13},"end":{"line":113,"column":20}}]},"21":{"loc":{"start":{"line":114,"column":13},"end":{"line":114,"column":30}},"type":"binary-expr","locations":[{"start":{"line":114,"column":13},"end":{"line":114,"column":25}},{"start":{"line":114,"column":29},"end":{"line":114,"column":30}}]},"22":{"loc":{"start":{"line":114,"column":13},"end":{"line":114,"column":25}},"type":"cond-expr","locations":[{"start":{"line":114,"column":18},"end":{"line":114,"column":20}},{"start":{"line":114,"column":13},"end":{"line":114,"column":25}}]},"23":{"loc":{"start":{"line":114,"column":13},"end":{"line":114,"column":20}},"type":"binary-expr","locations":[{"start":{"line":114,"column":13},"end":{"line":114,"column":20}},{"start":{"line":114,"column":13},"end":{"line":114,"column":20}}]}},"s":{"0":4,"1":4,"2":4,"3":46659,"4":46659,"5":46659,"6":46659,"7":46659,"8":46659,"9":46659,"10":46659,"11":46659,"12":46659,"13":46659,"14":46659,"15":46659,"16":46659,"17":46659,"18":46659,"19":46659,"20":46659,"21":46659,"22":46659,"23":4,"24":23328,"25":23328,"26":23328,"27":23328,"28":1296,"29":22032,"30":11016,"31":11016,"32":4,"33":23329,"34":23329,"35":23329,"36":23329,"37":23329,"38":23329,"39":23329,"40":23329,"41":23329,"42":23329,"43":23329,"44":23329,"45":23329,"46":23329,"47":23329,"48":23329,"49":1296,"50":22033,"51":4,"52":46658,"53":46658,"54":46658,"55":46658,"56":46658,"57":46658,"58":46658,"59":46658,"60":46658,"61":46658,"62":46658,"63":46658,"64":46658,"65":46658,"66":4,"67":1,"68":4,"69":46657,"70":4},"f":{"0":46659,"1":23328,"2":23329,"3":46658,"4":1,"5":46657},"b":{"0":[46659,1291],"1":[46659,1296],"2":[46659,3817],"3":[23328,2520,22140],"4":[1296,22032],"5":[23328,2520],"6":[11016,11016],"7":[23329,22681],"8":[23329,20809],"9":[1296,22033],"10":[648,648],"11":[11628,10405],"12":[11628,10405],"13":[1224,20809],"14":[10405,10404],"15":[46658,1140],"16":[0,46658],"17":[46658,46658],"18":[46658,1053],"19":[0,46658],"20":[46658,46658],"21":[46658,3228],"22":[0,46658],"23":[46658,46658]}}
,"/Users/haris/Documents/Programming/sabbatical/Full-Tilt-ts/src/Rotation/Euler.ts": {"path":"/Users/haris/Documents/Programming/sabbatical/Full-Tilt-ts/src/Rotation/Euler.ts","statementMap":{"0":{"start":{"line":1,"column":0},"end":{"line":1,"column":63}},"1":{"start":{"line":10,"column":0},"end":{"line":10,"column":50}},"2":{"start":{"line":11,"column":0},"end":{"line":11,"column":42}},"3":{"start":{"line":13,"column":0},"end":{"line":13,"column":null}},"4":{"start":{"line":20,"column":2},"end":{"line":20,"column":46}},"5":{"start":{"line":21,"column":2},"end":{"line":21,"column":43}},"6":{"start":{"line":22,"column":2},"end":{"line":22,"column":46}},"7":{"start":{"line":25,"column":1},"end":{"line":27,"column":null}},"8":{"start":{"line":26,"column":2},"end":{"line":26,"column":50}},"9":{"start":{"line":29,"column":1},"end":{"line":31,"column":null}},"10":{"start":{"line":30,"column":2},"end":{"line":30,"column":50}},"11":{"start":{"line":33,"column":1},"end":{"line":35,"column":null}},"12":{"start":{"line":34,"column":2},"end":{"line":34,"column":50}},"13":{"start":{"line":37,"column":1},"end":{"line":39,"column":null}},"14":{"start":{"line":38,"column":2},"end":{"line":38,"column":66}},"15":{"start":{"line":41,"column":1},"end":{"line":44,"column":null}},"16":{"start":{"line":42,"column":25},"end":{"line":42,"column":44}},"17":{"start":{"line":42,"column":11},"end":{"line":42,"column":13}},"18":{"start":{"line":42,"column":14},"end":{"line":42,"column":16}},"19":{"start":{"line":42,"column":17},"end":{"line":42,"column":19}},"20":{"start":{"line":42,"column":20},"end":{"line":42,"column":25}},"21":{"start":{"line":43,"column":2},"end":{"line":43,"column":44}},"22":{"start":{"line":46,"column":1},"end":{"line":48,"column":null}},"23":{"start":{"line":47,"column":2},"end":{"line":47,"column":59}},"24":{"start":{"line":49,"column":0},"end":{"line":49,"column":null}},"25":{"start":{"line":52,"column":1},"end":{"line":52,"column":50}},"26":{"start":{"line":51,"column":0},"end":{"line":51,"column":16}},"27":{"start":{"line":56,"column":1},"end":{"line":56,"column":32}},"28":{"start":{"line":56,"column":19},"end":{"line":56,"column":32}},"29":{"start":{"line":57,"column":1},"end":{"line":57,"column":20}},"30":{"start":{"line":61,"column":1},"end":{"line":61,"column":33}},"31":{"start":{"line":61,"column":21},"end":{"line":61,"column":33}},"32":{"start":{"line":62,"column":1},"end":{"line":62,"column":19}},"33":{"start":{"line":66,"column":1},"end":{"line":69,"column":4}},"34":{"start":{"line":67,"column":2},"end":{"line":69,"column":4}},"35":{"start":{"line":70,"column":1},"end":{"line":70,"column":14}}},"fnMap":{"0":{"name":"(anonymous_0)","decl":{"start":{"line":13,"column":0},"end":{"line":13,"column":null}},"loc":{"start":{"line":13,"column":0},"end":{"line":49,"column":null}}},"1":{"name":"Euler","decl":{"start":{"line":19,"column":1},"end":{"line":19,"column":13}},"loc":{"start":{"line":19,"column":55},"end":{"line":23,"column":2}}},"2":{"name":"(anonymous_2)","decl":{"start":{"line":25,"column":1},"end":{"line":25,"column":8}},"loc":{"start":{"line":25,"column":25},"end":{"line":27,"column":2}}},"3":{"name":"(anonymous_3)","decl":{"start":{"line":29,"column":1},"end":{"line":29,"column":8}},"loc":{"start":{"line":29,"column":25},"end":{"line":31,"column":2}}},"4":{"name":"(anonymous_4)","decl":{"start":{"line":33,"column":1},"end":{"line":33,"column":8}},"loc":{"start":{"line":33,"column":25},"end":{"line":35,"column":2}}},"5":{"name":"(anonymous_5)","decl":{"start":{"line":37,"column":1},"end":{"line":37,"column":18}},"loc":{"start":{"line":37,"column":51},"end":{"line":39,"column":2}}},"6":{"name":"(anonymous_6)","decl":{"start":{"line":41,"column":1},"end":{"line":41,"column":13}},"loc":{"start":{"line":41,"column":1},"end":{"line":44,"column":2}}},"7":{"name":"(anonymous_7)","decl":{"start":{"line":46,"column":1},"end":{"line":46,"column":9}},"loc":{"start":{"line":46,"column":1},"end":{"line":48,"column":2}}},"8":{"name":"eulerFromAngleObject","decl":{"start":{"line":51,"column":16},"end":{"line":51,"column":36}},"loc":{"start":{"line":51,"column":50},"end":{"line":53,"column":1}}},"9":{"name":"ensureInAlphaRange","decl":{"start":{"line":55,"column":9},"end":{"line":55,"column":27}},"loc":{"start":{"line":55,"column":41},"end":{"line":58,"column":1}}},"10":{"name":"ensureInBetaRange","decl":{"start":{"line":60,"column":9},"end":{"line":60,"column":26}},"loc":{"start":{"line":60,"column":39},"end":{"line":63,"column":1}}},"11":{"name":"ensureInGammaRange","decl":{"start":{"line":65,"column":9},"end":{"line":65,"column":27}},"loc":{"start":{"line":65,"column":41},"end":{"line":71,"column":1}}}},"branchMap":{"0":{"loc":{"start":{"line":20,"column":34},"end":{"line":20,"column":44}},"type":"cond-expr","locations":[{"start":{"line":20,"column":34},"end":{"line":20,"column":39}},{"start":{"line":20,"column":43},"end":{"line":20,"column":44}}]},"1":{"loc":{"start":{"line":20,"column":34},"end":{"line":20,"column":43}},"type":"binary-expr","locations":[{"start":{"line":20,"column":34},"end":{"line":20,"column":43}},{"start":{"line":20,"column":34},"end":{"line":20,"column":43}}]},"2":{"loc":{"start":{"line":21,"column":32},"end":{"line":21,"column":41}},"type":"cond-expr","locations":[{"start":{"line":21,"column":32},"end":{"line":21,"column":36}},{"start":{"line":21,"column":40},"end":{"line":21,"column":41}}]},"3":{"loc":{"start":{"line":21,"column":32},"end":{"line":21,"column":40}},"type":"binary-expr","locations":[{"start":{"line":21,"column":32},"end":{"line":21,"column":40}},{"start":{"line":21,"column":32},"end":{"line":21,"column":40}}]},"4":{"loc":{"start":{"line":22,"column":34},"end":{"line":22,"column":44}},"type":"cond-expr","locations":[{"start":{"line":22,"column":34},"end":{"line":22,"column":39}},{"start":{"line":22,"column":43},"end":{"line":22,"column":44}}]},"5":{"loc":{"start":{"line":22,"column":34},"end":{"line":22,"column":43}},"type":"binary-expr","locations":[{"start":{"line":22,"column":34},"end":{"line":22,"column":43}},{"start":{"line":22,"column":34},"end":{"line":22,"column":43}}]},"6":{"loc":{"start":{"line":66,"column":1},"end":{"line":69,"column":4}},"type":"if","locations":[{"start":{"line":66,"column":1},"end":{"line":69,"column":4}}]},"7":{"loc":{"start":{"line":66,"column":5},"end":{"line":66,"column":30}},"type":"binary-expr","locations":[{"start":{"line":66,"column":5},"end":{"line":66,"column":16}},{"start":{"line":66,"column":20},"end":{"line":66,"column":30}}]}},"s":{"0":4,"1":4,"2":4,"3":4,"4":93319,"5":93319,"6":93319,"7":4,"8":0,"9":4,"10":0,"11":4,"12":0,"13":4,"14":0,"15":4,"16":46658,"17":46658,"18":46658,"19":46658,"20":46658,"21":46658,"22":4,"23":46659,"24":4,"25":46658,"26":4,"27":93319,"28":21822,"29":93319,"30":93319,"31":11264,"32":93319,"33":93319,"34":0,"35":93319},"f":{"0":4,"1":93319,"2":0,"3":0,"4":0,"5":0,"6":46658,"7":46659,"8":46658,"9":93319,"10":93319,"11":93319},"b":{"0":[93319,0],"1":[93319,93319],"2":[93319,0],"3":[93319,93319],"4":[93319,0],"5":[93319,93319],"6":[0],"7":[93319,93319]}}
,"/Users/haris/Documents/Programming/sabbatical/Full-Tilt-ts/src/Rotation/Quaternion.ts": {"path":"/Users/haris/Documents/Programming/sabbatical/Full-Tilt-ts/src/Rotation/Quaternion.ts","statementMap":{"0":{"start":{"line":2,"column":0},"end":{"line":2,"column":47}},"1":{"start":{"line":3,"column":0},"end":{"line":3,"column":53}},"2":{"start":{"line":5,"column":0},"end":{"line":5,"column":null}},"3":{"start":{"line":13,"column":2},"end":{"line":13,"column":13}},"4":{"start":{"line":14,"column":2},"end":{"line":14,"column":13}},"5":{"start":{"line":15,"column":2},"end":{"line":15,"column":13}},"6":{"start":{"line":16,"column":2},"end":{"line":16,"column":13}},"7":{"start":{"line":19,"column":1},"end":{"line":21,"column":null}},"8":{"start":{"line":20,"column":2},"end":{"line":20,"column":41}},"9":{"start":{"line":23,"column":1},"end":{"line":25,"column":null}},"10":{"start":{"line":24,"column":2},"end":{"line":24,"column":50}},"11":{"start":{"line":26,"column":1},"end":{"line":28,"column":null}},"12":{"start":{"line":27,"column":2},"end":{"line":27,"column":50}},"13":{"start":{"line":29,"column":1},"end":{"line":31,"column":null}},"14":{"start":{"line":30,"column":2},"end":{"line":30,"column":50}},"15":{"start":{"line":33,"column":1},"end":{"line":37,"column":null}},"16":{"start":{"line":34,"column":2},"end":{"line":36,"column":4}},"17":{"start":{"line":39,"column":1},"end":{"line":52,"column":null}},"18":{"start":{"line":40,"column":14},"end":{"line":40,"column":27}},"19":{"start":{"line":42,"column":2},"end":{"line":44,"column":null}},"20":{"start":{"line":43,"column":3},"end":{"line":43,"column":55}},"21":{"start":{"line":46,"column":2},"end":{"line":46,"column":16}},"22":{"start":{"line":47,"column":2},"end":{"line":47,"column":16}},"23":{"start":{"line":48,"column":2},"end":{"line":48,"column":16}},"24":{"start":{"line":49,"column":2},"end":{"line":49,"column":16}},"25":{"start":{"line":51,"column":2},"end":{"line":51,"column":14}},"26":{"start":{"line":53,"column":1},"end":{"line":57,"column":null}},"27":{"start":{"line":54,"column":2},"end":{"line":56,"column":4}},"28":{"start":{"line":58,"column":1},"end":{"line":63,"column":null}},"29":{"start":{"line":59,"column":2},"end":{"line":62,"column":16}},"30":{"start":{"line":64,"column":0},"end":{"line":64,"column":null}},"31":{"start":{"line":66,"column":28},"end":{"line":73,"column":1}},"32":{"start":{"line":67,"column":1},"end":{"line":72,"column":3}},"33":{"start":{"line":76,"column":19},"end":{"line":76,"column":37}},"34":{"start":{"line":77,"column":12},"end":{"line":77,"column":27}},"35":{"start":{"line":78,"column":12},"end":{"line":78,"column":27}},"36":{"start":{"line":79,"column":1},"end":{"line":84,"column":3}},"37":{"start":{"line":75,"column":0},"end":{"line":75,"column":16}},"38":{"start":{"line":93,"column":1},"end":{"line":93,"column":40}},"39":{"start":{"line":87,"column":0},"end":{"line":87,"column":16}}},"fnMap":{"0":{"name":"(anonymous_0)","decl":{"start":{"line":5,"column":0},"end":{"line":5,"column":null}},"loc":{"start":{"line":5,"column":0},"end":{"line":64,"column":null}}},"1":{"name":"QuaternionClass","decl":{"start":{"line":12,"column":1},"end":{"line":12,"column":13}},"loc":{"start":{"line":12,"column":55},"end":{"line":17,"column":2}}},"2":{"name":"(anonymous_2)","decl":{"start":{"line":19,"column":1},"end":{"line":19,"column":15}},"loc":{"start":{"line":19,"column":20},"end":{"line":21,"column":2}}},"3":{"name":"(anonymous_3)","decl":{"start":{"line":23,"column":1},"end":{"line":23,"column":8}},"loc":{"start":{"line":23,"column":25},"end":{"line":25,"column":2}}},"4":{"name":"(anonymous_4)","decl":{"start":{"line":26,"column":1},"end":{"line":26,"column":8}},"loc":{"start":{"line":26,"column":25},"end":{"line":28,"column":2}}},"5":{"name":"(anonymous_5)","decl":{"start":{"line":29,"column":1},"end":{"line":29,"column":8}},"loc":{"start":{"line":29,"column":25},"end":{"line":31,"column":2}}},"6":{"name":"(anonymous_6)","decl":{"start":{"line":33,"column":1},"end":{"line":33,"column":8}},"loc":{"start":{"line":33,"column":1},"end":{"line":37,"column":2}}},"7":{"name":"(anonymous_7)","decl":{"start":{"line":39,"column":1},"end":{"line":39,"column":10}},"loc":{"start":{"line":39,"column":1},"end":{"line":52,"column":2}}},"8":{"name":"(anonymous_8)","decl":{"start":{"line":53,"column":1},"end":{"line":53,"column":7}},"loc":{"start":{"line":53,"column":1},"end":{"line":57,"column":2}}},"9":{"name":"(anonymous_9)","decl":{"start":{"line":58,"column":1},"end":{"line":58,"column":18}},"loc":{"start":{"line":58,"column":51},"end":{"line":63,"column":2}}},"10":{"name":"(anonymous_10)","decl":{"start":{"line":66,"column":28},"end":{"line":66,"column":38}},"loc":{"start":{"line":66,"column":66},"end":{"line":73,"column":1}}},"11":{"name":"quaternionForRotation","decl":{"start":{"line":75,"column":16},"end":{"line":75,"column":37}},"loc":{"start":{"line":75,"column":70},"end":{"line":85,"column":1}}},"12":{"name":"quaternion","decl":{"start":{"line":87,"column":16},"end":{"line":87,"column":26}},"loc":{"start":{"line":91,"column":10},"end":{"line":94,"column":1}}}},"branchMap":{"0":{"loc":{"start":{"line":42,"column":2},"end":{"line":44,"column":null}},"type":"if","locations":[{"start":{"line":42,"column":2},"end":{"line":44,"column":null}}]},"1":{"loc":{"start":{"line":80,"column":3},"end":{"line":80,"column":15}},"type":"cond-expr","locations":[{"start":{"line":80,"column":10},"end":{"line":80,"column":14}},{"start":{"line":80,"column":14},"end":{"line":80,"column":15}}]},"2":{"loc":{"start":{"line":80,"column":3},"end":{"line":80,"column":14}},"type":"binary-expr","locations":[{"start":{"line":80,"column":3},"end":{"line":80,"column":14}},{"start":{"line":80,"column":10},"end":{"line":80,"column":14}}]},"3":{"loc":{"start":{"line":81,"column":3},"end":{"line":81,"column":15}},"type":"cond-expr","locations":[{"start":{"line":81,"column":10},"end":{"line":81,"column":14}},{"start":{"line":81,"column":14},"end":{"line":81,"column":15}}]},"4":{"loc":{"start":{"line":81,"column":3},"end":{"line":81,"column":14}},"type":"binary-expr","locations":[{"start":{"line":81,"column":3},"end":{"line":81,"column":14}},{"start":{"line":81,"column":10},"end":{"line":81,"column":14}}]},"5":{"loc":{"start":{"line":82,"column":3},"end":{"line":82,"column":15}},"type":"cond-expr","locations":[{"start":{"line":82,"column":10},"end":{"line":82,"column":14}},{"start":{"line":82,"column":14},"end":{"line":82,"column":15}}]},"6":{"loc":{"start":{"line":82,"column":3},"end":{"line":82,"column":14}},"type":"binary-expr","locations":[{"start":{"line":82,"column":3},"end":{"line":82,"column":14}},{"start":{"line":82,"column":10},"end":{"line":82,"column":14}}]}},"s":{"0":4,"1":4,"2":4,"3":46661,"4":46661,"5":46661,"6":46661,"7":4,"8":0,"9":4,"10":0,"11":4,"12":0,"13":4,"14":0,"15":4,"16":23329,"17":4,"18":46658,"19":46658,"20":0,"21":46658,"22":46658,"23":46658,"24":46658,"25":46658,"26":4,"27":46658,"28":4,"29":0,"30":4,"31":4,"32":0,"33":1,"34":1,"35":1,"36":1,"37":4,"38":46661,"39":4},"f":{"0":4,"1":46661,"2":0,"3":0,"4":0,"5":0,"6":23329,"7":46658,"8":46658,"9":0,"10":0,"11":1,"12":46661},"b":{"0":[0],"1":[1,0],"2":[1,1],"3":[1,0],"4":[1,1],"5":[1,0],"6":[1,1]}}
,"/Users/haris/Documents/Programming/sabbatical/Full-Tilt-ts/src/Rotation/RotationMatrix.ts": {"path":"/Users/haris/Documents/Programming/sabbatical/Full-Tilt-ts/src/Rotation/RotationMatrix.ts","statementMap":{"0":{"start":{"line":8,"column":0},"end":{"line":8,"column":47}},"1":{"start":{"line":9,"column":0},"end":{"line":9,"column":null}},"2":{"start":{"line":13,"column":0},"end":{"line":13,"column":42}},"3":{"start":{"line":15,"column":0},"end":{"line":15,"column":null}},"4":{"start":{"line":28,"column":2},"end":{"line":28,"column":38}},"5":{"start":{"line":29,"column":2},"end":{"line":41,"column":null}},"6":{"start":{"line":30,"column":3},"end":{"line":30,"column":26}},"7":{"start":{"line":32,"column":3},"end":{"line":32,"column":26}},"8":{"start":{"line":33,"column":3},"end":{"line":33,"column":26}},"9":{"start":{"line":34,"column":3},"end":{"line":34,"column":26}},"10":{"start":{"line":35,"column":3},"end":{"line":35,"column":26}},"11":{"start":{"line":36,"column":3},"end":{"line":36,"column":26}},"12":{"start":{"line":37,"column":3},"end":{"line":37,"column":26}},"13":{"start":{"line":38,"column":3},"end":{"line":38,"column":26}},"14":{"start":{"line":39,"column":3},"end":{"line":39,"column":26}},"15":{"start":{"line":40,"column":3},"end":{"line":40,"column":26}},"16":{"start":{"line":43,"column":1},"end":{"line":45,"column":null}},"17":{"start":{"line":44,"column":2},"end":{"line":44,"column":35}},"18":{"start":{"line":47,"column":1},"end":{"line":49,"column":null}},"19":{"start":{"line":48,"column":2},"end":{"line":48,"column":50}},"20":{"start":{"line":51,"column":1},"end":{"line":53,"column":null}},"21":{"start":{"line":52,"column":2},"end":{"line":52,"column":50}},"22":{"start":{"line":55,"column":1},"end":{"line":57,"column":null}},"23":{"start":{"line":56,"column":2},"end":{"line":56,"column":50}},"24":{"start":{"line":59,"column":1},"end":{"line":61,"column":null}},"25":{"start":{"line":60,"column":2},"end":{"line":60,"column":71}},"26":{"start":{"line":63,"column":1},"end":{"line":77,"column":null}},"27":{"start":{"line":64,"column":22},"end":{"line":64,"column":40}},"28":{"start":{"line":66,"column":2},"end":{"line":66,"column":34}},"29":{"start":{"line":67,"column":2},"end":{"line":67,"column":34}},"30":{"start":{"line":68,"column":2},"end":{"line":68,"column":34}},"31":{"start":{"line":69,"column":2},"end":{"line":69,"column":34}},"32":{"start":{"line":70,"column":2},"end":{"line":70,"column":34}},"33":{"start":{"line":71,"column":2},"end":{"line":71,"column":34}},"34":{"start":{"line":72,"column":2},"end":{"line":72,"column":34}},"35":{"start":{"line":73,"column":2},"end":{"line":73,"column":34}},"36":{"start":{"line":74,"column":2},"end":{"line":74,"column":34}},"37":{"start":{"line":76,"column":2},"end":{"line":76,"column":14}},"38":{"start":{"line":79,"column":1},"end":{"line":90,"column":null}},"39":{"start":{"line":80,"column":12},"end":{"line":80,"column":25}},"40":{"start":{"line":82,"column":2},"end":{"line":89,"column":4}},"41":{"start":{"line":92,"column":1},"end":{"line":94,"column":null}},"42":{"start":{"line":93,"column":2},"end":{"line":93,"column":70}},"43":{"start":{"line":96,"column":1},"end":{"line":99,"column":null}},"44":{"start":{"line":97,"column":25},"end":{"line":97,"column":68}},"45":{"start":{"line":97,"column":11},"end":{"line":97,"column":13}},"46":{"start":{"line":97,"column":14},"end":{"line":97,"column":16}},"47":{"start":{"line":97,"column":17},"end":{"line":97,"column":19}},"48":{"start":{"line":97,"column":20},"end":{"line":97,"column":25}},"49":{"start":{"line":98,"column":2},"end":{"line":98,"column":32}},"50":{"start":{"line":100,"column":0},"end":{"line":100,"column":null}},"51":{"start":{"line":106,"column":12},"end":{"line":106,"column":22}},"52":{"start":{"line":107,"column":12},"end":{"line":107,"column":22}},"53":{"start":{"line":109,"column":1},"end":{"line":121,"column":3}},"54":{"start":{"line":125,"column":1},"end":{"line":125,"column":59}},"55":{"start":{"line":124,"column":0},"end":{"line":124,"column":16}},"56":{"start":{"line":132,"column":19},"end":{"line":132,"column":24}},"57":{"start":{"line":133,"column":12},"end":{"line":133,"column":23}},"58":{"start":{"line":134,"column":12},"end":{"line":134,"column":23}},"59":{"start":{"line":136,"column":1},"end":{"line":146,"column":3}},"60":{"start":{"line":128,"column":0},"end":{"line":128,"column":16}},"61":{"start":{"line":150,"column":13},"end":{"line":150,"column":22}},"62":{"start":{"line":151,"column":13},"end":{"line":151,"column":22}},"63":{"start":{"line":152,"column":13},"end":{"line":152,"column":22}},"64":{"start":{"line":153,"column":13},"end":{"line":153,"column":22}},"65":{"start":{"line":155,"column":1},"end":{"line":167,"column":3}},"66":{"start":{"line":149,"column":0},"end":{"line":149,"column":16}},"67":{"start":{"line":181,"column":1},"end":{"line":181,"column":77}},"68":{"start":{"line":170,"column":0},"end":{"line":170,"column":16}}},"fnMap":{"0":{"name":"(anonymous_0)","decl":{"start":{"line":15,"column":0},"end":{"line":15,"column":null}},"loc":{"start":{"line":15,"column":0},"end":{"line":100,"column":null}}},"1":{"name":"RotationMatrixClass","decl":{"start":{"line":17,"column":1},"end":{"line":17,"column":null}},"loc":{"start":{"line":26,"column":14},"end":{"line":42,"column":2}}},"2":{"name":"(anonymous_2)","decl":{"start":{"line":43,"column":1},"end":{"line":43,"column":13}},"loc":{"start":{"line":43,"column":31},"end":{"line":45,"column":2}}},"3":{"name":"(anonymous_3)","decl":{"start":{"line":47,"column":1},"end":{"line":47,"column":8}},"loc":{"start":{"line":47,"column":25},"end":{"line":49,"column":2}}},"4":{"name":"(anonymous_4)","decl":{"start":{"line":51,"column":1},"end":{"line":51,"column":8}},"loc":{"start":{"line":51,"column":25},"end":{"line":53,"column":2}}},"5":{"name":"(anonymous_5)","decl":{"start":{"line":55,"column":1},"end":{"line":55,"column":8}},"loc":{"start":{"line":55,"column":25},"end":{"line":57,"column":2}}},"6":{"name":"(anonymous_6)","decl":{"start":{"line":59,"column":1},"end":{"line":59,"column":18}},"loc":{"start":{"line":59,"column":51},"end":{"line":61,"column":2}}},"7":{"name":"(anonymous_7)","decl":{"start":{"line":63,"column":1},"end":{"line":63,"column":10}},"loc":{"start":{"line":63,"column":1},"end":{"line":77,"column":2}}},"8":{"name":"(anonymous_8)","decl":{"start":{"line":79,"column":1},"end":{"line":79,"column":12}},"loc":{"start":{"line":79,"column":1},"end":{"line":90,"column":2}}},"9":{"name":"(anonymous_9)","decl":{"start":{"line":92,"column":1},"end":{"line":92,"column":8}},"loc":{"start":{"line":92,"column":1},"end":{"line":94,"column":2}}},"10":{"name":"(anonymous_10)","decl":{"start":{"line":96,"column":1},"end":{"line":96,"column":13}},"loc":{"start":{"line":96,"column":1},"end":{"line":99,"column":2}}},"11":{"name":"multiplyMatrices","decl":{"start":{"line":102,"column":9},"end":{"line":102,"column":25}},"loc":{"start":{"line":104,"column":18},"end":{"line":122,"column":1}}},"12":{"name":"identityMatrix","decl":{"start":{"line":124,"column":16},"end":{"line":124,"column":30}},"loc":{"start":{"line":124,"column":30},"end":{"line":126,"column":1}}},"13":{"name":"matrixForRotation","decl":{"start":{"line":128,"column":16},"end":{"line":128,"column":33}},"loc":{"start":{"line":130,"column":17},"end":{"line":147,"column":1}}},"14":{"name":"matrixFromQuaternion","decl":{"start":{"line":149,"column":16},"end":{"line":149,"column":36}},"loc":{"start":{"line":149,"column":50},"end":{"line":168,"column":1}}},"15":{"name":"rotationMatrix","decl":{"start":{"line":170,"column":16},"end":{"line":170,"column":30}},"loc":{"start":{"line":179,"column":13},"end":{"line":182,"column":1}}}},"branchMap":{"0":{"loc":{"start":{"line":29,"column":2},"end":{"line":41,"column":null}},"type":"if","locations":[{"start":{"line":29,"column":2},"end":{"line":41,"column":null}},{"start":{"line":31,"column":9},"end":{"line":41,"column":null}}]},"1":{"loc":{"start":{"line":29,"column":6},"end":{"line":29,"column":57}},"type":"binary-expr","locations":[{"start":{"line":29,"column":6},"end":{"line":29,"column":33}},{"start":{"line":29,"column":37},"end":{"line":29,"column":57}}]}},"s":{"0":4,"1":4,"2":4,"3":4,"4":48501,"5":48501,"6":46659,"7":1842,"8":1842,"9":1842,"10":1842,"11":1842,"12":1842,"13":1842,"14":1842,"15":1842,"16":4,"17":0,"18":4,"19":0,"20":4,"21":0,"22":4,"23":0,"24":4,"25":0,"26":4,"27":46659,"28":46659,"29":46659,"30":46659,"31":46659,"32":46659,"33":46659,"34":46659,"35":46659,"36":46659,"37":46659,"38":4,"39":46659,"40":46659,"41":4,"42":23328,"43":4,"44":1,"45":1,"46":1,"47":1,"48":1,"49":1,"50":4,"51":0,"52":0,"53":0,"54":0,"55":4,"56":9,"57":3,"58":3,"59":3,"60":4,"61":1839,"62":1839,"63":1839,"64":1839,"65":1839,"66":4,"67":46659,"68":4},"f":{"0":4,"1":48501,"2":0,"3":0,"4":0,"5":0,"6":0,"7":46659,"8":46659,"9":23328,"10":1,"11":0,"12":0,"13":3,"14":1839,"15":46659},"b":{"0":[46659,1842],"1":[48501,1842]}}
}
