TN:
SF:src/Math.ts
FNF:0
FNH:0
DA:1,4
DA:2,4
DA:3,4
DA:6,4
DA:7,4
DA:9,4
DA:10,4
DA:11,4
LF:8
LH:8
BRF:0
BRH:0
end_of_record
TN:
SF:src/Utils.ts
FN:2,sign
FN:11,SensorCheck
FN:12,(anonymous_2)
FN:13,(anonymous_3)
FN:14,(anonymous_4)
FNF:5
FNH:1
FNDA:3,sign
FNDA:0,SensorCheck
FNDA:0,(anonymous_2)
FNDA:0,(anonymous_3)
FNDA:0,(anonymous_4)
DA:2,4
DA:3,3
DA:4,3
DA:5,3
DA:11,4
DA:12,0
DA:13,0
DA:14,0
DA:15,0
DA:16,0
DA:17,0
DA:18,0
DA:20,0
DA:24,0
DA:27,0
LF:15
LH:5
BRDA:4,0,0,0
BRDA:4,1,0,3
BRDA:4,1,1,3
BRDA:5,2,0,2
BRDA:5,2,1,1
BRDA:15,3,0,0
BRDA:15,3,1,0
BRDA:15,4,0,0
BRDA:15,4,1,0
BRDA:17,5,0,0
BRDA:17,5,1,0
BRF:11
BRH:4
end_of_record
TN:
SF:src/Rotation/Angle.ts
FN:4,(anonymous_0)
FN:7,Angle
FN:16,(anonymous_2)
FN:19,(anonymous_3)
FN:22,(anonymous_4)
FN:25,(anonymous_5)
FN:30,degrees
FN:34,radians
FNF:8
FNH:6
FNDA:2,(anonymous_0)
FNDA:5,Angle
FNDA:11,(anonymous_2)
FNDA:11,(anonymous_3)
FNDA:0,(anonymous_4)
FNDA:3,(anonymous_5)
FNDA:2,degrees
FNDA:0,radians
DA:1,2
DA:4,2
DA:8,5
DA:9,2
DA:10,2
DA:12,3
DA:13,3
DA:16,2
DA:17,11
DA:19,2
DA:20,11
DA:22,2
DA:23,0
DA:25,2
DA:26,3
DA:28,2
DA:30,2
DA:31,2
DA:34,2
DA:35,0
LF:20
LH:18
BRDA:8,0,0,2
BRDA:8,0,1,3
BRDA:26,1,0,3
BRDA:26,1,1,0
BRDA:26,2,0,3
BRDA:26,2,1,3
BRF:6
BRH:5
end_of_record
TN:
SF:src/Rotation/Conversions.ts
FN:7,matrixFromEuler
FN:38,eulerFromRotationMatrix
FN:62,eulerFromQuaternionX
FN:111,quatFromEuler
FN:130,quaternionFromRotationMatrix
FN:139,fromRad
FNF:6
FNH:6
FNDA:46659,matrixFromEuler
FNDA:23328,eulerFromRotationMatrix
FNDA:23329,eulerFromQuaternionX
FNDA:46658,quatFromEuler
FNDA:1,quaternionFromRotationMatrix
FNDA:46657,fromRad
DA:1,4
DA:2,4
DA:5,4
DA:7,4
DA:8,46659
DA:9,46659
DA:10,46659
DA:12,46659
DA:13,46659
DA:14,46659
DA:15,46659
DA:16,46659
DA:17,46659
DA:22,46659
DA:23,46659
DA:24,46659
DA:25,46659
DA:27,46659
DA:28,46659
DA:29,46659
DA:31,46659
DA:32,46659
DA:33,46659
DA:35,46659
DA:38,4
DA:45,23328
DA:46,23328
DA:49,23328
DA:51,23328
DA:54,1296
DA:55,22032
DA:56,11016
DA:58,11016
DA:62,4
DA:68,23329
DA:69,23329
DA:70,23329
DA:71,23329
DA:74,23329
DA:77,23329
DA:79,23329
DA:81,23329
DA:83,23329
DA:85,23329
DA:88,23329
DA:89,23329
DA:90,23329
DA:91,23329
DA:92,23329
DA:94,23329
DA:95,1296
DA:101,22033
DA:111,4
DA:112,46658
DA:113,46658
DA:114,46658
DA:116,46658
DA:117,46658
DA:118,46658
DA:119,46658
DA:120,46658
DA:121,46658
DA:123,46658
DA:124,46658
DA:125,46658
DA:126,46658
DA:127,46658
DA:130,4
DA:131,1
DA:139,4
DA:144,46657
LF:71
LH:71
BRDA:8,0,0,46659
BRDA:8,0,1,1291
BRDA:9,1,0,46659
BRDA:9,1,1,1296
BRDA:10,2,0,46659
BRDA:10,2,1,3817
BRDA:49,3,0,23328
BRDA:49,3,1,2520
BRDA:49,3,2,22140
BRDA:51,4,0,1296
BRDA:51,4,1,22032
BRDA:51,5,0,23328
BRDA:51,5,1,2520
BRDA:55,6,0,11016
BRDA:55,6,1,11016
BRDA:90,7,0,23329
BRDA:90,7,1,22681
BRDA:92,8,0,23329
BRDA:92,8,1,20809
BRDA:94,9,0,1296
BRDA:94,9,1,22033
BRDA:96,10,0,648
BRDA:96,10,1,648
BRDA:102,11,0,11628
BRDA:102,11,1,10405
BRDA:103,12,0,11628
BRDA:103,12,1,10405
BRDA:106,13,0,1224
BRDA:106,13,1,20809
BRDA:106,14,0,10405
BRDA:106,14,1,10404
BRDA:112,15,0,46658
BRDA:112,15,1,1140
BRDA:112,16,0,0
BRDA:112,16,1,46658
BRDA:112,17,0,46658
BRDA:112,17,1,46658
BRDA:113,18,0,46658
BRDA:113,18,1,1053
BRDA:113,19,0,0
BRDA:113,19,1,46658
BRDA:113,20,0,46658
BRDA:113,20,1,46658
BRDA:114,21,0,46658
BRDA:114,21,1,3228
BRDA:114,22,0,0
BRDA:114,22,1,46658
BRDA:114,23,0,46658
BRDA:114,23,1,46658
BRF:49
BRH:46
end_of_record
TN:
SF:src/Rotation/Euler.ts
FN:13,(anonymous_0)
FN:19,Euler
FN:25,(anonymous_2)
FN:29,(anonymous_3)
FN:33,(anonymous_4)
FN:37,(anonymous_5)
FN:41,(anonymous_6)
FN:46,(anonymous_7)
FN:51,eulerFromAngleObject
FN:55,ensureInAlphaRange
FN:60,ensureInBetaRange
FN:65,ensureInGammaRange
FNF:12
FNH:8
FNDA:4,(anonymous_0)
FNDA:93319,Euler
FNDA:0,(anonymous_2)
FNDA:0,(anonymous_3)
FNDA:0,(anonymous_4)
FNDA:0,(anonymous_5)
FNDA:46658,(anonymous_6)
FNDA:46659,(anonymous_7)
FNDA:46658,eulerFromAngleObject
FNDA:93319,ensureInAlphaRange
FNDA:93319,ensureInBetaRange
FNDA:93319,ensureInGammaRange
DA:1,4
DA:10,4
DA:11,4
DA:13,4
DA:20,93319
DA:21,93319
DA:22,93319
DA:25,4
DA:26,0
DA:29,4
DA:30,0
DA:33,4
DA:34,0
DA:37,4
DA:38,0
DA:41,4
DA:42,46658
DA:43,46658
DA:46,4
DA:47,46659
DA:49,4
DA:51,4
DA:52,46658
DA:56,93319
DA:57,93319
DA:61,93319
DA:62,93319
DA:66,93319
DA:67,0
DA:70,93319
LF:30
LH:25
BRDA:20,0,0,93319
BRDA:20,0,1,0
BRDA:20,1,0,93319
BRDA:20,1,1,93319
BRDA:21,2,0,93319
BRDA:21,2,1,0
BRDA:21,3,0,93319
BRDA:21,3,1,93319
BRDA:22,4,0,93319
BRDA:22,4,1,0
BRDA:22,5,0,93319
BRDA:22,5,1,93319
BRDA:66,6,0,0
BRDA:66,7,0,93319
BRDA:66,7,1,93319
BRF:15
BRH:11
end_of_record
TN:
SF:src/Rotation/Quaternion.ts
FN:5,(anonymous_0)
FN:12,QuaternionClass
FN:19,(anonymous_2)
FN:23,(anonymous_3)
FN:26,(anonymous_4)
FN:29,(anonymous_5)
FN:33,(anonymous_6)
FN:39,(anonymous_7)
FN:53,(anonymous_8)
FN:58,(anonymous_9)
FN:66,(anonymous_10)
FN:75,quaternionForRotation
FN:87,quaternion
FNF:13
FNH:7
FNDA:4,(anonymous_0)
FNDA:46661,QuaternionClass
FNDA:0,(anonymous_2)
FNDA:0,(anonymous_3)
FNDA:0,(anonymous_4)
FNDA:0,(anonymous_5)
FNDA:23329,(anonymous_6)
FNDA:46658,(anonymous_7)
FNDA:46658,(anonymous_8)
FNDA:0,(anonymous_9)
FNDA:0,(anonymous_10)
FNDA:1,quaternionForRotation
FNDA:46661,quaternion
DA:2,4
DA:3,4
DA:5,4
DA:13,46661
DA:14,46661
DA:15,46661
DA:16,46661
DA:19,4
DA:20,0
DA:23,4
DA:24,0
DA:26,4
DA:27,0
DA:29,4
DA:30,0
DA:33,4
DA:34,23329
DA:39,4
DA:40,46658
DA:42,46658
DA:43,0
DA:46,46658
DA:47,46658
DA:48,46658
DA:49,46658
DA:51,46658
DA:53,4
DA:54,46658
DA:58,4
DA:59,0
DA:64,4
DA:66,4
DA:67,0
DA:75,4
DA:76,1
DA:77,1
DA:78,1
DA:79,1
DA:87,4
DA:93,46661
LF:40
LH:33
BRDA:42,0,0,0
BRDA:80,1,0,1
BRDA:80,1,1,0
BRDA:80,2,0,1
BRDA:80,2,1,1
BRDA:81,3,0,1
BRDA:81,3,1,0
BRDA:81,4,0,1
BRDA:81,4,1,1
BRDA:82,5,0,1
BRDA:82,5,1,0
BRDA:82,6,0,1
BRDA:82,6,1,1
BRF:13
BRH:9
end_of_record
TN:
SF:src/Rotation/RotationMatrix.ts
FN:15,(anonymous_0)
FN:17,RotationMatrixClass
FN:43,(anonymous_2)
FN:47,(anonymous_3)
FN:51,(anonymous_4)
FN:55,(anonymous_5)
FN:59,(anonymous_6)
FN:63,(anonymous_7)
FN:79,(anonymous_8)
FN:92,(anonymous_9)
FN:96,(anonymous_10)
FN:102,multiplyMatrices
FN:124,identityMatrix
FN:128,matrixForRotation
FN:149,matrixFromQuaternion
FN:170,rotationMatrix
FNF:16
FNH:9
FNDA:4,(anonymous_0)
FNDA:48501,RotationMatrixClass
FNDA:0,(anonymous_2)
FNDA:0,(anonymous_3)
FNDA:0,(anonymous_4)
FNDA:0,(anonymous_5)
FNDA:0,(anonymous_6)
FNDA:46659,(anonymous_7)
FNDA:46659,(anonymous_8)
FNDA:23328,(anonymous_9)
FNDA:1,(anonymous_10)
FNDA:0,multiplyMatrices
FNDA:0,identityMatrix
FNDA:3,matrixForRotation
FNDA:1839,matrixFromQuaternion
FNDA:46659,rotationMatrix
DA:8,4
DA:9,4
DA:13,4
DA:15,4
DA:28,48501
DA:29,48501
DA:30,46659
DA:32,1842
DA:33,1842
DA:34,1842
DA:35,1842
DA:36,1842
DA:37,1842
DA:38,1842
DA:39,1842
DA:40,1842
DA:43,4
DA:44,0
DA:47,4
DA:48,0
DA:51,4
DA:52,0
DA:55,4
DA:56,0
DA:59,4
DA:60,0
DA:63,4
DA:64,46659
DA:66,46659
DA:67,46659
DA:68,46659
DA:69,46659
DA:70,46659
DA:71,46659
DA:72,46659
DA:73,46659
DA:74,46659
DA:76,46659
DA:79,4
DA:80,46659
DA:82,46659
DA:92,4
DA:93,23328
DA:96,4
DA:97,1
DA:98,1
DA:100,4
DA:106,0
DA:107,0
DA:109,0
DA:124,4
DA:125,0
DA:128,4
DA:132,9
DA:133,3
DA:134,3
DA:136,3
DA:149,4
DA:150,1839
DA:151,1839
DA:152,1839
DA:153,1839
DA:155,1839
DA:170,4
DA:181,46659
LF:65
LH:56
BRDA:29,0,0,46659
BRDA:29,0,1,1842
BRDA:29,1,0,48501
BRDA:29,1,1,1842
BRF:4
BRH:4
end_of_record
